<?xml version="1.0" encoding="UTF-8"?>
<!-- Generated by org.testng.reporters.JUnitReportReporter -->
<testsuite skipped="0" hostname="SH-3TMN1QS" name="org.test.AdactinCrossBrowser" tests="6" failures="0" timestamp="30 Oct 2020 18:48:10 GMT" time="19.234" errors="0">
  <testcase name="method3" time="0.464" classname="org.test.AdactinCrossBrowser"/>
  <testcase name="method2" time="0.934" classname="org.test.AdactinCrossBrowser"/>
  <testcase name="method1" time="9.415" classname="org.test.AdactinCrossBrowser"/>
  <testcase name="method3" time="0.649" classname="org.test.AdactinCrossBrowser"/>
  <testcase name="method1" time="5.549" classname="org.test.AdactinCrossBrowser"/>
  <testcase name="method2" time="2.223" classname="org.test.AdactinCrossBrowser"/>
</testsuite> <!-- org.test.AdactinCrossBrowser -->
